#
# There is insufficient memory for the Java Runtime Environment to continue.
# Native memory allocation (malloc) failed to allocate 1048576 bytes for AllocateHeap
# Possible reasons:
#   The system is out of physical RAM or swap space
#   In 32 bit mode, the process size limit was hit
# Possible solutions:
#   Reduce memory load on the system
#   Increase physical memory or swap space
#   Check if swap backing store is full
#   Use 64 bit Java on a 64 bit OS
#   Decrease Java heap size (-Xmx/-Xms)
#   Decrease number of Java threads
#   Decrease Java thread stack sizes (-Xss)
#   Set larger code cache with -XX:ReservedCodeCacheSize=
# This output file may be truncated or incomplete.
#
#  Out of Memory Error (memory/allocation.inline.hpp:61), pid=15732, tid=0x00000000000029cc
#
# JRE version:  (8.0_102-b14) (build )
# Java VM: Java HotSpot(TM) 64-Bit Server VM (25.102-b14 mixed mode windows-amd64 compressed oops)
# Failed to write core dump. Minidumps are not enabled by default on client versions of Windows
#

---------------  T H R E A D  ---------------

Current thread (0x0000000002cb0800):  JavaThread "Unknown thread" [_thread_in_vm, id=10700, stack(0x0000000002bb0000,0x0000000002cb0000)]

Stack: [0x0000000002bb0000,0x0000000002cb0000]
[error occurred during error reporting (printing stack bounds), id 0xc0000005]

Native frames: (J=compiled Java code, j=interpreted, Vv=VM code, C=native code)


---------------  P R O C E S S  ---------------

Java Threads: ( => current thread )

Other Threads:

=>0x0000000002cb0800 (exited) JavaThread "Unknown thread" [_thread_in_vm, id=10700, stack(0x0000000002bb0000,0x0000000002cb0000)]

VM state:not at safepoint (normal execution)

VM Mutex/Monitor currently owned by a thread: None

Heap:
 PSYoungGen      total 38400K, used 665K [0x00000000d5600000, 0x00000000d8080000, 0x0000000100000000)
  eden space 33280K, 2% used [0x00000000d5600000,0x00000000d56a6670,0x00000000d7680000)
  from space 5120K, 0% used [0x00000000d7b80000,0x00000000d7b80000,0x00000000d8080000)
  to   space 5120K, 0% used [0x00000000d7680000,0x00000000d7680000,0x00000000d7b80000)
 ParOldGen       total 87552K, used 0K [0x0000000080200000, 0x0000000085780000, 0x00000000d5600000)
  object space 87552K, 0% used [0x0000000080200000,0x0000000080200000,0x0000000085780000)
 Metaspace       used 746K, capacity 4480K, committed 4480K, reserved 1056768K
  class space    used 75K, capacity 384K, committed 384K, reserved 1048576K

Card table byte_map: [0x0000000012170000,0x0000000012570000] byte_map_base: 0x0000000011d6f000

Marking Bits: (ParMarkBitMap*) 0x0000000077f7a6c0
 Begin Bits: [0x0000000013020000, 0x0000000015018000)
 End Bits:   [0x0000000015018000, 0x0000000017010000)

Polling page: 0x0000000000e50000

CodeCache: size=245760Kb used=327Kb max_used=327Kb free=245432Kb
 bounds [0x0000000002db0000, 0x0000000003020000, 0x0000000011db0000]
 total_blobs=57 nmethods=0 adapters=38
 compilation: enabled

Compilation events (0 events):
No events

GC Heap History (0 events):
No events

Deoptimization events (0 events):
No events

Internal exceptions (0 events):
No events

Events (10 events):
Event: 0.028 loading class java/lang/Short
Event: 0.028 loading class java/lang/Short done
Event: 0.028 loading class java/lang/Integer
Event: 0.028 loading class java/lang/Integer done
Event: 0.028 loading class java/lang/Long
Event: 0.028 loading class java/lang/Long done
Event: 0.029 loading class java/lang/NullPointerException
Event: 0.029 loading class java/lang/NullPointerException done
Event: 0.029 loading class java/lang/ArithmeticException
Event: 0.029 loading class java/lang/ArithmeticException done


Dynamic libraries:
0x00007ff696000000 - 0x00007ff696037000 	C:\Program Files\Java\jre1.8.0_102\bin\javaw.exe
0x00007ffb3d310000 - 0x00007ffb3d4e1000 	C:\WINDOWS\SYSTEM32\ntdll.dll
0x00007ffb3aac0000 - 0x00007ffb3ab6b000 	C:\WINDOWS\System32\KERNEL32.DLL
0x00007ffb3a680000 - 0x00007ffb3a89d000 	C:\WINDOWS\System32\KERNELBASE.dll
0x00007ffb3cf10000 - 0x00007ffb3cfb2000 	C:\WINDOWS\System32\ADVAPI32.dll
0x00007ffb3d030000 - 0x00007ffb3d0ce000 	C:\WINDOWS\System32\msvcrt.dll
0x00007ffb3cc00000 - 0x00007ffb3cc59000 	C:\WINDOWS\System32\sechost.dll
0x00007ffb3ab70000 - 0x00007ffb3ac91000 	C:\WINDOWS\System32\RPCRT4.dll
0x00007ffb3d0d0000 - 0x00007ffb3d235000 	C:\WINDOWS\System32\USER32.dll
0x00007ffb3a660000 - 0x00007ffb3a67e000 	C:\WINDOWS\System32\win32u.dll
0x00007ffb3a8c0000 - 0x00007ffb3a8f4000 	C:\WINDOWS\System32\GDI32.dll
0x00007ffb399b0000 - 0x00007ffb39b32000 	C:\WINDOWS\System32\gdi32full.dll
0x00007ffb2a5c0000 - 0x00007ffb2a83a000 	C:\WINDOWS\WinSxS\amd64_microsoft.windows.common-controls_6595b64144ccf1df_6.0.14393.351_none_4213128bc687e6d3\COMCTL32.dll
0x00007ffb3c8a0000 - 0x00007ffb3cb67000 	C:\WINDOWS\System32\combase.dll
0x00007ffb39800000 - 0x00007ffb398f5000 	C:\WINDOWS\System32\ucrtbase.dll
0x00007ffb39c50000 - 0x00007ffb39cba000 	C:\WINDOWS\System32\bcryptPrimitives.dll
0x00007ffb3cbd0000 - 0x00007ffb3cbfe000 	C:\WINDOWS\System32\IMM32.DLL
0x0000000050350000 - 0x0000000050421000 	C:\Program Files\Java\jre1.8.0_102\bin\msvcr100.dll
0x0000000077760000 - 0x0000000077ffa000 	C:\Program Files\Java\jre1.8.0_102\bin\server\jvm.dll
0x00007ffb3a8a0000 - 0x00007ffb3a8a8000 	C:\WINDOWS\System32\PSAPI.DLL
0x00007ffb36f70000 - 0x00007ffb36f79000 	C:\WINDOWS\SYSTEM32\WSOCK32.dll
0x00007ffb379c0000 - 0x00007ffb379e3000 	C:\WINDOWS\SYSTEM32\WINMM.dll
0x00007ffb34d80000 - 0x00007ffb34d8a000 	C:\WINDOWS\SYSTEM32\VERSION.dll
0x00007ffb3cea0000 - 0x00007ffb3cf0a000 	C:\WINDOWS\System32\WS2_32.dll
0x0000000001380000 - 0x00000000013ab000 	C:\WINDOWS\SYSTEM32\WINMMBASE.dll
0x00007ffb39d60000 - 0x00007ffb39da2000 	C:\WINDOWS\System32\cfgmgr32.dll
0x0000000050850000 - 0x000000005085f000 	C:\Program Files\Java\jre1.8.0_102\bin\verify.dll
0x0000000050820000 - 0x0000000050849000 	C:\Program Files\Java\jre1.8.0_102\bin\java.dll
0x0000000050800000 - 0x0000000050816000 	C:\Program Files\Java\jre1.8.0_102\bin\zip.dll

VM Arguments:
jvm_args: -Dfile.encoding=Cp1252 
java_command: HelloRunner
java_class_path (initial): C:\Users\chete\workspace2\faszomatebbe\build\classes;C:\Users\chete\antlr\antlr-4.5.3-complete.jar
Launcher Type: SUN_STANDARD

Environment Variables:
JAVA_HOME=C:\Program Files\Java\jdk1.8.0_77
CLASSPATH=C:\Users\chete\antlr\antlr-4.5.3-complete.jar
PATH=C:/Program Files/Java/jre1.8.0_102/bin/server;C:/Program Files/Java/jre1.8.0_102/bin;C:/Program Files/Java/jre1.8.0_102/lib/amd64;C:\ProgramData\Oracle\Java\javapath;C:\Windows\system32;C:\Windows;C:\Windows\System32\Wbem;C:\Windows\System32\WindowsPowerShell\v1.0\;C:\Program Files (x86)\Skype\Phone\;C:\Users\chete\apache-maven-3.3.9\bin;C:\Program Files (x86)\GtkSharp\2.12\bin;C:\Program Files\Git\cmd;C:\Program Files\Git\mingw64\bin;C:\Program Files\Git\usr\bin;C:\Users\chete\.dnx\bin;C:\Program Files\Microsoft DNX\Dnvm\;C:\Program Files\Microsoft SQL Server\130\Tools\Binn\;C:\WINDOWS\system32;C:\WINDOWS;C:\WINDOWS\System32\Wbem;C:\WINDOWS\System32\WindowsPowerShell\v1.0\;C:\Program Files\Java\jdk1.8.0_77\bin;C:\Users\chete\antlr;C:\Users\chete\AppData\Local\Microsoft\WindowsApps;;C:\Users\chete\Downloads\eclipse-java-luna-SR2-win32-x86_64\eclipse;
USERNAME=chete
OS=Windows_NT
PROCESSOR_IDENTIFIER=Intel64 Family 6 Model 26 Stepping 5, GenuineIntel



---------------  S Y S T E M  ---------------

OS: Windows 10.0 , 64 bit Build 14393 (10.0.14393.0)

CPU:total 8 (4 cores per cpu, 2 threads per core) family 6 model 26 stepping 5, cmov, cx8, fxsr, mmx, sse, sse2, sse3, ssse3, sse4.1, sse4.2, popcnt, ht, tsc, tscinvbit, tscinv

Memory: 4k page, physical 8379568k(2416652k free), swap 23700396k(6096k free)

vm_info: Java HotSpot(TM) 64-Bit Server VM (25.102-b14) for windows-amd64 JRE (1.8.0_102-b14), built on Jun 22 2016 13:15:21 by "java_re" with MS VC++ 10.0 (VS2010)

time: Mon Oct 24 21:58:53 2016
elapsed time: 0 seconds (0d 0h 0m 0s)

