#
# There is insufficient memory for the Java Runtime Environment to continue.
# Native memory allocation (malloc) failed to allocate 32744 bytes for ChunkPool::allocate
# Possible reasons:
#   The system is out of physical RAM or swap space
#   In 32 bit mode, the process size limit was hit
# Possible solutions:
#   Reduce memory load on the system
#   Increase physical memory or swap space
#   Check if swap backing store is full
#   Use 64 bit Java on a 64 bit OS
#   Decrease Java heap size (-Xmx/-Xms)
#   Decrease number of Java threads
#   Decrease Java thread stack sizes (-Xss)
#   Set larger code cache with -XX:ReservedCodeCacheSize=
# This output file may be truncated or incomplete.
#
#  Out of Memory Error (allocation.cpp:273), pid=11352, tid=0x0000000000001394
#
# JRE version: Java(TM) SE Runtime Environment (8.0_102-b14) (build 1.8.0_102-b14)
# Java VM: Java HotSpot(TM) 64-Bit Server VM (25.102-b14 mixed mode windows-amd64 compressed oops)
# Failed to write core dump. Minidumps are not enabled by default on client versions of Windows
#

---------------  T H R E A D  ---------------

Current thread (0x00000000027b0800):  JavaThread "main" [_thread_in_vm, id=5012, stack(0x00000000026b0000,0x00000000027b0000)]

Stack: [0x00000000026b0000,0x00000000027b0000]
[error occurred during error reporting (printing stack bounds), id 0xc0000005]

Native frames: (J=compiled Java code, j=interpreted, Vv=VM code, C=native code)

Java frames: (J=compiled Java code, j=interpreted, Vv=VM code)
j  java.lang.ClassLoader.defineClass1(Ljava/lang/String;[BIILjava/security/ProtectionDomain;Ljava/lang/String;)Ljava/lang/Class;+0
j  java.lang.ClassLoader.defineClass(Ljava/lang/String;[BIILjava/security/ProtectionDomain;)Ljava/lang/Class;+27
j  java.security.SecureClassLoader.defineClass(Ljava/lang/String;[BIILjava/security/CodeSource;)Ljava/lang/Class;+12
j  java.net.URLClassLoader.defineClass(Ljava/lang/String;Lsun/misc/Resource;)Ljava/lang/Class;+138
j  java.net.URLClassLoader.access$100(Ljava/net/URLClassLoader;Ljava/lang/String;Lsun/misc/Resource;)Ljava/lang/Class;+3
j  java.net.URLClassLoader$1.run()Ljava/lang/Class;+43
j  java.net.URLClassLoader$1.run()Ljava/lang/Object;+1
v  ~StubRoutines::call_stub
j  java.security.AccessController.doPrivileged(Ljava/security/PrivilegedExceptionAction;Ljava/security/AccessControlContext;)Ljava/lang/Object;+0
J 156 C1 java.net.URLClassLoader.findClass(Ljava/lang/String;)Ljava/lang/Class; (47 bytes) @ 0x0000000002a04ac4 [0x0000000002a04940+0x184]
J 131 C1 java.lang.ClassLoader.loadClass(Ljava/lang/String;Z)Ljava/lang/Class; (122 bytes) @ 0x00000000029f376c [0x00000000029f2e00+0x96c]
j  sun.misc.Launcher$AppClassLoader.loadClass(Ljava/lang/String;Z)Ljava/lang/Class;+81
j  java.lang.ClassLoader.loadClass(Ljava/lang/String;)Ljava/lang/Class;+3
v  ~StubRoutines::call_stub
j  org.abego.treelayout.TreeLayout.secondWalk(Ljava/lang/Object;DID)V+136
j  org.abego.treelayout.TreeLayout.<init>(Lorg/abego/treelayout/TreeForTreeLayout;Lorg/abego/treelayout/NodeExtentProvider;Lorg/abego/treelayout/Configuration;Z)V+284
j  org.antlr.v4.gui.TreeViewer.setTree(Lorg/antlr/v4/runtime/tree/Tree;)V+40
j  org.antlr.v4.gui.TreeViewer.<init>(Ljava/util/List;Lorg/antlr/v4/runtime/tree/Tree;)V+118
j  VariableIn.SetValue(Ljava/lang/String;Ljava/lang/String;)V+79
j  RunMain.read(Lorg/antlr/v4/runtime/tree/ParseTree;)V+36
j  RunMain.logicalrunner(Lorg/antlr/v4/runtime/tree/ParseTree;)V+28
j  RunMain.run(Lorg/antlr/v4/runtime/tree/ParseTree;)V+13
j  HelloRunner.main([Ljava/lang/String;)V+204
v  ~StubRoutines::call_stub

---------------  P R O C E S S  ---------------

Java Threads: ( => current thread )
  0x000000001a816000 JavaThread "AWT-Windows" daemon [_thread_in_native, id=8116, stack(0x000000001b190000,0x000000001b290000)]
  0x000000001a804000 JavaThread "AWT-Shutdown" [_thread_blocked, id=4564, stack(0x000000001b090000,0x000000001b190000)]
  0x000000001a7fe800 JavaThread "Java2D Disposer" daemon [_thread_blocked, id=2332, stack(0x000000001af10000,0x000000001b010000)]
  0x00000000198b5800 JavaThread "Service Thread" daemon [_thread_blocked, id=8308, stack(0x000000001a3d0000,0x000000001a4d0000)]
  0x0000000019822000 JavaThread "C1 CompilerThread3" daemon [_thread_blocked, id=16572, stack(0x000000001a2d0000,0x000000001a3d0000)]
  0x000000001980e000 JavaThread "C2 CompilerThread2" daemon [_thread_in_native, id=16576, stack(0x000000001a1d0000,0x000000001a2d0000)]
  0x000000001980c800 JavaThread "C2 CompilerThread1" daemon [_thread_blocked, id=16652, stack(0x000000001a0d0000,0x000000001a1d0000)]
  0x0000000019809000 JavaThread "C2 CompilerThread0" daemon [_thread_in_native, id=16648, stack(0x0000000019fd0000,0x000000001a0d0000)]
  0x0000000019805800 JavaThread "Attach Listener" daemon [_thread_blocked, id=16660, stack(0x0000000019ed0000,0x0000000019fd0000)]
  0x000000001790e800 JavaThread "Signal Dispatcher" daemon [_thread_blocked, id=16584, stack(0x0000000019dd0000,0x0000000019ed0000)]
  0x00000000028ad800 JavaThread "Finalizer" daemon [_thread_blocked, id=16588, stack(0x0000000019be0000,0x0000000019ce0000)]
  0x00000000028a6800 JavaThread "Reference Handler" daemon [_thread_blocked, id=16592, stack(0x00000000196e0000,0x00000000197e0000)]
=>0x00000000027b0800 JavaThread "main" [_thread_in_vm, id=5012, stack(0x00000000026b0000,0x00000000027b0000)]

Other Threads:
  0x00000000178f9800 VMThread [stack: 0x00000000195e0000,0x00000000196e0000] [id=16912]
  0x00000000198dc000 WatcherThread [stack: 0x000000001a4d0000,0x000000001a5d0000] [id=10316]

VM state:not at safepoint (normal execution)

VM Mutex/Monitor currently owned by a thread: None

Heap:
 PSYoungGen      total 38400K, used 16647K [0x00000000d5600000, 0x00000000d8080000, 0x0000000100000000)
  eden space 33280K, 50% used [0x00000000d5600000,0x00000000d6641fc8,0x00000000d7680000)
  from space 5120K, 0% used [0x00000000d7b80000,0x00000000d7b80000,0x00000000d8080000)
  to   space 5120K, 0% used [0x00000000d7680000,0x00000000d7680000,0x00000000d7b80000)
 ParOldGen       total 87552K, used 0K [0x0000000080200000, 0x0000000085780000, 0x00000000d5600000)
  object space 87552K, 0% used [0x0000000080200000,0x0000000080200000,0x0000000085780000)
 Metaspace       used 7777K, capacity 7938K, committed 8192K, reserved 1056768K
  class space    used 928K, capacity 983K, committed 1024K, reserved 1048576K

Card table byte_map: [0x0000000011c70000,0x0000000012070000] byte_map_base: 0x000000001186f000

Marking Bits: (ParMarkBitMap*) 0x0000000065d2a6c0
 Begin Bits: [0x0000000012b20000, 0x0000000014b18000)
 End Bits:   [0x0000000014b18000, 0x0000000016b10000)

Polling page: 0x0000000000fb0000

CodeCache: size=245760Kb used=2702Kb max_used=2711Kb free=243057Kb
 bounds [0x00000000028b0000, 0x0000000002b60000, 0x00000000118b0000]
 total_blobs=1094 nmethods=714 adapters=294
 compilation: enabled

Compilation events (10 events):
Event: 6.532 Thread 0x000000001980e000  713       4       java.nio.Buffer::nextGetIndex (31 bytes)
Event: 6.532 Thread 0x0000000019822000 nmethod 711 0x0000000002b54cd0 code [0x0000000002b54e80, 0x0000000002b55468]
Event: 6.532 Thread 0x0000000019822000  712       3       java.nio.ByteBufferAsCharBufferB::ix (9 bytes)
Event: 6.532 Thread 0x0000000019822000 nmethod 712 0x0000000002b534d0 code [0x0000000002b53620, 0x0000000002b53770]
Event: 6.532 Thread 0x000000001980e000 nmethod 713 0x0000000002b53290 code [0x0000000002b533c0, 0x0000000002b53458]
Event: 6.533 Thread 0x000000001980c800  714       4       java.nio.channels.spi.AbstractInterruptibleChannel::end (50 bytes)
Event: 6.535 Thread 0x000000001980c800 nmethod 714 0x0000000002b52c90 code [0x0000000002b52de0, 0x0000000002b530b8]
Event: 6.538 Thread 0x000000001980e000  715       4       java.lang.String::indexOf (166 bytes)
Event: 6.539 Thread 0x0000000019822000  716       3       java.util.ArrayList::grow (45 bytes)
Event: 6.539 Thread 0x0000000019822000 nmethod 716 0x0000000002b54450 code [0x0000000002b545e0, 0x0000000002b54ad8]

GC Heap History (0 events):
No events

Deoptimization events (7 events):
Event: 6.099 Thread 0x00000000027b0800 Uncommon trap: reason=unstable_if action=reinterpret pc=0x0000000002a0fbe8 method=java.lang.String.indexOf([CII[CIII)I @ 123
Event: 6.330 Thread 0x00000000027b0800 Uncommon trap: reason=class_check action=maybe_recompile pc=0x0000000002a7bbdc method=java.lang.String.equals(Ljava/lang/Object;)Z @ 8
Event: 6.330 Thread 0x00000000027b0800 Uncommon trap: reason=class_check action=maybe_recompile pc=0x0000000002a7bbdc method=java.lang.String.equals(Ljava/lang/Object;)Z @ 8
Event: 6.330 Thread 0x00000000027b0800 Uncommon trap: reason=class_check action=maybe_recompile pc=0x0000000002a7bbdc method=java.lang.String.equals(Ljava/lang/Object;)Z @ 8
Event: 6.330 Thread 0x00000000027b0800 Uncommon trap: reason=class_check action=maybe_recompile pc=0x0000000002a7bbdc method=java.lang.String.equals(Ljava/lang/Object;)Z @ 8
Event: 6.462 Thread 0x00000000027b0800 Uncommon trap: reason=unstable_if action=reinterpret pc=0x0000000002aaacc0 method=java.lang.CharacterData.of(I)Ljava/lang/CharacterData; @ 4
Event: 6.489 Thread 0x00000000027b0800 Uncommon trap: reason=unstable_if action=reinterpret pc=0x0000000002b37050 method=java.lang.Character.isSurrogate(C)Z @ 3

Internal exceptions (10 events):
Event: 0.034 Thread 0x00000000027b0800 Exception <a 'java/lang/NoSuchMethodError': Method sun.misc.Unsafe.prefetchRead(Ljava/lang/Object;J)V name or signature does not match> (0x00000000d5607f60) thrown at [C:\re\workspace\8-2-build-windows-amd64-cygwin\jdk8u102\7268\hotspot\src\share\vm\prims\¢}²Tw@
Event: 4.276 Thread 0x00000000027b0800 Exception <a 'java/lang/NullPointerException'> (0x00000000d5a38540) thrown at [C:\re\workspace\8-2-build-windows-amd64-cygwin\jdk8u102\7268\hotspot\src\share\vm\interpreter\linkResolver.cpp, line 1280]
Event: 6.104 Thread 0x00000000027b0800 Exception <a 'java/security/PrivilegedActionException'> (0x00000000d5a92170) thrown at [C:\re\workspace\8-2-build-windows-amd64-cygwin\jdk8u102\7268\hotspot\src\share\vm\prims\jvm.cpp, line 1386]
Event: 6.105 Thread 0x00000000027b0800 Exception <a 'java/security/PrivilegedActionException'> (0x00000000d5a92380) thrown at [C:\re\workspace\8-2-build-windows-amd64-cygwin\jdk8u102\7268\hotspot\src\share\vm\prims\jvm.cpp, line 1386]
Event: 6.105 Thread 0x00000000027b0800 Exception <a 'java/security/PrivilegedActionException'> (0x00000000d5a961b0) thrown at [C:\re\workspace\8-2-build-windows-amd64-cygwin\jdk8u102\7268\hotspot\src\share\vm\prims\jvm.cpp, line 1386]
Event: 6.106 Thread 0x00000000027b0800 Exception <a 'java/security/PrivilegedActionException'> (0x00000000d5a963c0) thrown at [C:\re\workspace\8-2-build-windows-amd64-cygwin\jdk8u102\7268\hotspot\src\share\vm\prims\jvm.cpp, line 1386]
Event: 6.111 Thread 0x00000000027b0800 Exception <a 'java/io/FileNotFoundException'> (0x00000000d5a9d518) thrown at [C:\re\workspace\8-2-build-windows-amd64-cygwin\jdk8u102\7268\hotspot\src\share\vm\prims\jni.cpp, line 709]
Event: 6.159 Thread 0x00000000027b0800 Exception <a 'java/lang/NoSuchFieldError': method resolution failed> (0x00000000d5b6a5a8) thrown at [C:\re\workspace\8-2-build-windows-amd64-cygwin\jdk8u102\7268\hotspot\src\share\vm\prims\methodHandles.cpp, line 1146]
Event: 6.161 Thread 0x00000000027b0800 Exception <a 'java/lang/NoSuchFieldError': method resolution failed> (0x00000000d5b77978) thrown at [C:\re\workspace\8-2-build-windows-amd64-cygwin\jdk8u102\7268\hotspot\src\share\vm\prims\methodHandles.cpp, line 1146]
Event: 6.230 Thread 0x00000000027b0800 Exception <a 'java/io/FileNotFoundException'> (0x00000000d5c669f8) thrown at [C:\re\workspace\8-2-build-windows-amd64-cygwin\jdk8u102\7268\hotspot\src\share\vm\prims\jni.cpp, line 709]

Events (10 events):
Event: 6.535 loading class sun/font/CompositeGlyphMapper
Event: 6.535 loading class sun/font/CompositeGlyphMapper done
Event: 6.537 loading class org/antlr/v4/gui/TreeLayoutAdaptor$AntlrTreeChildrenReverseIterable
Event: 6.537 loading class org/antlr/v4/gui/TreeLayoutAdaptor$AntlrTreeChildrenReverseIterable done
Event: 6.538 Thread 0x00000000027b0800 DEOPT PACKING pc=0x0000000002a48ab6 sp=0x00000000027acc60
Event: 6.538 Thread 0x00000000027b0800 DEOPT UNPACKING pc=0x00000000028f747f sp=0x00000000027ac938 mode 0
Event: 6.538 loading class org/antlr/v4/gui/TreeLayoutAdaptor$AntlrTreeChildrenReverseIterable$1
Event: 6.538 loading class org/antlr/v4/gui/TreeLayoutAdaptor$AntlrTreeChildrenReverseIterable$1 done
Event: 6.539 loading class org/abego/treelayout/TreeLayout$NormalizedPosition
Event: 6.539 loading class org/abego/treelayout/TreeLayout$NormalizedPosition done


Dynamic libraries:
0x00007ff65ce20000 - 0x00007ff65ce57000 	C:\Program Files\Java\jre1.8.0_102\bin\javaw.exe
0x00007ffa5c0e0000 - 0x00007ffa5c2b1000 	C:\WINDOWS\SYSTEM32\ntdll.dll
0x00007ffa59bd0000 - 0x00007ffa59c7b000 	C:\WINDOWS\System32\KERNEL32.DLL
0x00007ffa58960000 - 0x00007ffa58b7d000 	C:\WINDOWS\System32\KERNELBASE.dll
0x00007ffa5c030000 - 0x00007ffa5c0d2000 	C:\WINDOWS\System32\ADVAPI32.dll
0x00007ffa5a6b0000 - 0x00007ffa5a74e000 	C:\WINDOWS\System32\msvcrt.dll
0x00007ffa5a2e0000 - 0x00007ffa5a339000 	C:\WINDOWS\System32\sechost.dll
0x00007ffa5a550000 - 0x00007ffa5a671000 	C:\WINDOWS\System32\RPCRT4.dll
0x00007ffa59a10000 - 0x00007ffa59b75000 	C:\WINDOWS\System32\USER32.dll
0x00007ffa59480000 - 0x00007ffa5949e000 	C:\WINDOWS\System32\win32u.dll
0x00007ffa59b90000 - 0x00007ffa59bc4000 	C:\WINDOWS\System32\GDI32.dll
0x00007ffa587d0000 - 0x00007ffa58952000 	C:\WINDOWS\System32\gdi32full.dll
0x00007ffa4d620000 - 0x00007ffa4d899000 	C:\WINDOWS\WinSxS\amd64_microsoft.windows.common-controls_6595b64144ccf1df_6.0.14393.447_none_42191651c6827bb3\COMCTL32.dll
0x00007ffa59670000 - 0x00007ffa59938000 	C:\WINDOWS\System32\combase.dll
0x00007ffa59570000 - 0x00007ffa59665000 	C:\WINDOWS\System32\ucrtbase.dll
0x00007ffa59500000 - 0x00007ffa5956a000 	C:\WINDOWS\System32\bcryptPrimitives.dll
0x00007ffa5a680000 - 0x00007ffa5a6ae000 	C:\WINDOWS\System32\IMM32.DLL
0x0000000066020000 - 0x00000000660f1000 	C:\Program Files\Java\jre1.8.0_102\bin\msvcr100.dll
0x0000000065510000 - 0x0000000065daa000 	C:\Program Files\Java\jre1.8.0_102\bin\server\jvm.dll
0x00007ffa59c80000 - 0x00007ffa59c88000 	C:\WINDOWS\System32\PSAPI.DLL
0x00007ffa51870000 - 0x00007ffa51879000 	C:\WINDOWS\SYSTEM32\WSOCK32.dll
0x00007ffa5a340000 - 0x00007ffa5a3aa000 	C:\WINDOWS\System32\WS2_32.dll
0x00007ffa566b0000 - 0x00007ffa566d3000 	C:\WINDOWS\SYSTEM32\WINMM.dll
0x00007ffa54d20000 - 0x00007ffa54d2a000 	C:\WINDOWS\SYSTEM32\VERSION.dll
0x00007ffa56480000 - 0x00007ffa564ab000 	C:\WINDOWS\SYSTEM32\WINMMBASE.dll
0x00007ffa59260000 - 0x00007ffa592a2000 	C:\WINDOWS\System32\cfgmgr32.dll
0x0000000065420000 - 0x000000006542f000 	C:\Program Files\Java\jre1.8.0_102\bin\verify.dll
0x00000000653f0000 - 0x0000000065419000 	C:\Program Files\Java\jre1.8.0_102\bin\java.dll
0x00000000653d0000 - 0x00000000653e6000 	C:\Program Files\Java\jre1.8.0_102\bin\zip.dll
0x00007ffa5aab0000 - 0x00007ffa5bfb9000 	C:\WINDOWS\System32\SHELL32.dll
0x00007ffa58b80000 - 0x00007ffa5925a000 	C:\WINDOWS\System32\windows.storage.dll
0x00007ffa58560000 - 0x00007ffa585ac000 	C:\WINDOWS\System32\powrprof.dll
0x00007ffa59950000 - 0x00007ffa599a2000 	C:\WINDOWS\System32\shlwapi.dll
0x00007ffa58550000 - 0x00007ffa5855f000 	C:\WINDOWS\System32\kernel.appcore.dll
0x00007ffa58720000 - 0x00007ffa587c9000 	C:\WINDOWS\System32\shcore.dll
0x00007ffa585b0000 - 0x00007ffa585c4000 	C:\WINDOWS\System32\profapi.dll
0x0000000065e80000 - 0x0000000066018000 	C:\Program Files\Java\jre1.8.0_102\bin\awt.dll
0x00007ffa5a750000 - 0x00007ffa5a80f000 	C:\WINDOWS\System32\OLEAUT32.dll
0x00007ffa585d0000 - 0x00007ffa5866c000 	C:\WINDOWS\System32\msvcp_win.dll
0x00007ffa56af0000 - 0x00007ffa56b6a000 	C:\WINDOWS\SYSTEM32\apphelp.dll
0x0000000065e30000 - 0x0000000065e77000 	C:\Program Files\Java\jre1.8.0_102\bin\fontmanager.dll
0x00007ffa56160000 - 0x00007ffa56186000 	C:\WINDOWS\system32\DWMAPI.DLL
0x00007ffa56cd0000 - 0x00007ffa56d65000 	C:\WINDOWS\system32\uxtheme.dll
0x00007ffa5a810000 - 0x00007ffa5a96b000 	C:\WINDOWS\System32\MSCTF.dll
0x00007ffa5a970000 - 0x00007ffa5aaa7000 	C:\WINDOWS\System32\ole32.dll
0x00007ffa39900000 - 0x00007ffa39a8d000 	C:\WINDOWS\system32\d3d9.dll
0x00007ffa544c0000 - 0x00007ffa5463f000 	C:\WINDOWS\System32\DriverStore\FileRepository\c0308653.inf_amd64_3dbf29f4a4290d9d\aticfx64.dll
0x00007ffa51090000 - 0x00007ffa510b9000 	C:\WINDOWS\System32\DriverStore\FileRepository\c0308653.inf_amd64_3dbf29f4a4290d9d\atiu9p64.dll
0x00007ffa30980000 - 0x00007ffa311ff000 	C:\WINDOWS\System32\DriverStore\FileRepository\c0308653.inf_amd64_3dbf29f4a4290d9d\atiumd64.dll
0x0000000062f10000 - 0x00000000639b8000 	C:\WINDOWS\System32\DriverStore\FileRepository\c0308653.inf_amd64_3dbf29f4a4290d9d\atiumd6a.dll
0x00000000653b0000 - 0x00000000653ca000 	C:\Program Files\Java\jre1.8.0_102\bin\net.dll
0x00007ffa57990000 - 0x00007ffa579ec000 	C:\WINDOWS\system32\mswsock.dll
0x0000000065390000 - 0x00000000653a1000 	C:\Program Files\Java\jre1.8.0_102\bin\nio.dll
0x0000000065de0000 - 0x0000000065e22000 	C:\Program Files\Java\jre1.8.0_102\bin\t2k.dll

VM Arguments:
jvm_args: -Dfile.encoding=Cp1252 
java_command: HelloRunner
java_class_path (initial): C:\Users\chete\workspace2\Interpreter_Logical\build\classes;C:\Users\chete\antlr\antlr-4.5.3-complete.jar
Launcher Type: SUN_STANDARD

Environment Variables:
JAVA_HOME=C:\Program Files\Java\jdk1.8.0_77
CLASSPATH=C:\Users\chete\antlr\antlr-4.5.3-complete.jar
PATH=C:/Program Files/Java/jre1.8.0_102/bin/server;C:/Program Files/Java/jre1.8.0_102/bin;C:/Program Files/Java/jre1.8.0_102/lib/amd64;C:\Program Files (x86)\NVIDIA Corporation\PhysX\Common;C:\ProgramData\Oracle\Java\javapath;C:\Windows\system32;C:\Windows;C:\Windows\System32\Wbem;C:\Windows\System32\WindowsPowerShell\v1.0\;C:\Program Files (x86)\Skype\Phone\;C:\Users\chete\apache-maven-3.3.9\bin;C:\Program Files (x86)\GtkSharp\2.12\bin;C:\Program Files\Git\cmd;C:\Program Files\Git\mingw64\bin;C:\Program Files\Git\usr\bin;C:\Users\chete\.dnx\bin;C:\Program Files\Microsoft DNX\Dnvm\;C:\Program Files\Microsoft SQL Server\130\Tools\Binn\;C:\WINDOWS\system32;C:\WINDOWS;C:\WINDOWS\System32\Wbem;C:\WINDOWS\System32\WindowsPowerShell\v1.0\;C:\Program Files\Java\jdk1.8.0_77\bin;C:\Users\chete\antlr;C:\Users\chete\AppData\Local\Microsoft\WindowsApps;;C:\Users\chete\Downloads\eclipse-java-luna-SR2-win32-x86_64\eclipse;
USERNAME=chete
OS=Windows_NT
PROCESSOR_IDENTIFIER=Intel64 Family 6 Model 26 Stepping 5, GenuineIntel



---------------  S Y S T E M  ---------------

OS: Windows 10.0 , 64 bit Build 14393 (10.0.14393.0)

CPU:total 8 (4 cores per cpu, 2 threads per core) family 6 model 26 stepping 5, cmov, cx8, fxsr, mmx, sse, sse2, sse3, ssse3, sse4.1, sse4.2, popcnt, ht, tsc, tscinvbit, tscinv

Memory: 4k page, physical 8379568k(1234924k free), swap 21414732k(4104k free)

vm_info: Java HotSpot(TM) 64-Bit Server VM (25.102-b14) for windows-amd64 JRE (1.8.0_102-b14), built on Jun 22 2016 13:15:21 by "java_re" with MS VC++ 10.0 (VS2010)

time: Sun Dec 18 20:20:05 2016
elapsed time: 6 seconds (0d 0h 0m 6s)

